This is pdfTeX, Version 3.1415926-1.40.10 (TeX Live 2009/Debian) (format=pdflatex 2012.11.10)  25 DEC 2012 20:40
entering extended mode
 %&-line parsing enabled.
**math
(./math.tex
LaTeX2e <2009/09/24>
Babel <v3.8l> and hyphenation patterns for english, usenglishmax, dumylang, noh
yphenation, pinyin, loaded.
(/usr/share/texmf-texlive/tex/latex/base/article.cls
Document Class: article 2007/10/19 v1.4h Standard LaTeX document class
(/usr/share/texmf-texlive/tex/latex/base/size10.clo
File: size10.clo 2007/10/19 v1.4h Standard LaTeX file (size option)
)
\c@part=\count79
\c@section=\count80
\c@subsection=\count81
\c@subsubsection=\count82
\c@paragraph=\count83
\c@subparagraph=\count84
\c@figure=\count85
\c@table=\count86
\abovecaptionskip=\skip41
\belowcaptionskip=\skip42
\bibindent=\dimen102
) (./macros.tex
(/usr/share/texmf-texlive/tex/latex/amscls/amsthm.sty
Package: amsthm 2004/08/06 v2.20
\thm@style=\toks14
\thm@bodyfont=\toks15
\thm@headfont=\toks16
\thm@notefont=\toks17
\thm@headpunct=\toks18
\thm@preskip=\skip43
\thm@postskip=\skip44
\thm@headsep=\skip45
\dth@everypar=\toks19
)
(/usr/share/texmf-texlive/tex/latex/amsmath/amsmath.sty
Package: amsmath 2000/07/18 v2.13 AMS math features
\@mathmargin=\skip46

For additional information on amsmath, use the `?' option.
(/usr/share/texmf-texlive/tex/latex/amsmath/amstext.sty
Package: amstext 2000/06/29 v2.01

(/usr/share/texmf-texlive/tex/latex/amsmath/amsgen.sty
File: amsgen.sty 1999/11/30 v2.0
\@emptytoks=\toks20
\ex@=\dimen103
))
(/usr/share/texmf-texlive/tex/latex/amsmath/amsbsy.sty
Package: amsbsy 1999/11/29 v1.2d
\pmbraise@=\dimen104
)
(/usr/share/texmf-texlive/tex/latex/amsmath/amsopn.sty
Package: amsopn 1999/12/14 v2.01 operator names
)
\inf@bad=\count87
LaTeX Info: Redefining \frac on input line 211.
\uproot@=\count88
\leftroot@=\count89
LaTeX Info: Redefining \overline on input line 307.
\classnum@=\count90
\DOTSCASE@=\count91
LaTeX Info: Redefining \ldots on input line 379.
LaTeX Info: Redefining \dots on input line 382.
LaTeX Info: Redefining \cdots on input line 467.
\Mathstrutbox@=\box26
\strutbox@=\box27
\big@size=\dimen105
LaTeX Font Info:    Redeclaring font encoding OML on input line 567.
LaTeX Font Info:    Redeclaring font encoding OMS on input line 568.
\macc@depth=\count92
\c@MaxMatrixCols=\count93
\dotsspace@=\muskip10
\c@parentequation=\count94
\dspbrk@lvl=\count95
\tag@help=\toks21
\row@=\count96
\column@=\count97
\maxfields@=\count98
\andhelp@=\toks22
\eqnshift@=\dimen106
\alignsep@=\dimen107
\tagshift@=\dimen108
\tagwidth@=\dimen109
\totwidth@=\dimen110
\lineht@=\dimen111
\@envbody=\toks23
\multlinegap=\skip47
\multlinetaggap=\skip48
\mathdisplay@stack=\toks24
LaTeX Info: Redefining \[ on input line 2666.
LaTeX Info: Redefining \] on input line 2667.
)
(/usr/share/texmf-texlive/tex/latex/amsfonts/amssymb.sty
Package: amssymb 2009/06/22 v3.00

(/usr/share/texmf-texlive/tex/latex/amsfonts/amsfonts.sty
Package: amsfonts 2009/06/22 v3.00 Basic AMSFonts support
\symAMSa=\mathgroup4
\symAMSb=\mathgroup5
LaTeX Font Info:    Overwriting math alphabet `\mathfrak' in version `bold'
(Font)                  U/euf/m/n --> U/euf/b/n on input line 96.
))
(/usr/share/texmf-texlive/tex/latex/jknapltx/mathrsfs.sty
Package: mathrsfs 1996/01/01 Math RSFS package v1.0 (jk)
\symrsfs=\mathgroup6
)
(/usr/share/texmf-texlive/tex/latex/fancyvrb/fancyvrb.sty
Package: fancyvrb 2008/02/07

Style option: `fancyvrb' v2.7a, with DG/SPQR fixes, and firstline=lastline fix 
<2008/02/07> (tvz) (/usr/share/texmf-texlive/tex/latex/graphics/keyval.sty
Package: keyval 1999/03/16 v1.13 key=value parser (DPC)
\KV@toks@=\toks25
)
\FV@CodeLineNo=\count99
\FV@InFile=\read1
\FV@TabBox=\box28
\c@FancyVerbLine=\count100
\FV@StepNumber=\count101
\FV@OutFile=\write3
)
(/usr/share/texmf-texlive/tex/latex/geometry/geometry.sty
Package: geometry 2008/12/21 v4.2 Page Geometry

(/usr/share/texmf-texlive/tex/generic/oberdiek/ifpdf.sty
Package: ifpdf 2009/04/10 v2.0 Provides the ifpdf switch (HO)
Package ifpdf Info: pdfTeX in pdf mode detected.
)
(/usr/share/texmf-texlive/tex/generic/oberdiek/ifvtex.sty
Package: ifvtex 2008/11/04 v1.4 Switches for detecting VTeX and its modes (HO)
Package ifvtex Info: VTeX not detected.
)
\Gm@cnth=\count102
\Gm@cntv=\count103
\c@Gm@tempcnt=\count104
\Gm@bindingoffset=\dimen112
\Gm@wd@mp=\dimen113
\Gm@odd@mp=\dimen114
\Gm@even@mp=\dimen115
\Gm@dimlist=\toks26

(/usr/share/texmf-texlive/tex/xelatex/xetexconfig/geometry.cfg))
(/usr/share/texmf-texlive/tex/latex/tocbibind/tocbibind.sty
Package: tocbibind 2009/09/04 v1.5i extra ToC listings


Package tocbibind Note: The document has section divisions.


Package tocbibind Note: Using section or other style headings.

) (/usr/share/texmf-texlive/tex/latex/datetime/datetime.sty
Package: datetime 2007/08/20 v2.55 Date Time Package

(/usr/share/texmf-texlive/tex/latex/fmtcount/fmtcount.sty
Package: fmtcount 2009/10/02 v1.31

(/usr/share/texmf-texlive/tex/latex/base/ifthen.sty
Package: ifthen 2001/05/26 v1.1c Standard LaTeX ifthen package (DPC)
)
\c@padzeroesN=\count105

(/usr/share/texmf-texlive/tex/latex/fmtcount/fc-english.def
File: fc-english 2007/05/26
)
(/usr/share/texmf-texlive/tex/latex/fmtcount/fc-USenglish.def
File: fc-USenglish 2007/06/14
)
No configuration file fmtcount.cfg found.
\@DT@modctr=\count106
\@ordinalctr=\count107
\@orgargctr=\count108
\@strctr=\count109
\@tmpstrctr=\count110
\@DT@loopN=\count111
\@DT@X=\count112
)
\@day=\count113
\@month=\count114
\@year=\count115
Package datetime Info: No datetime.cfg file found, using default settings on in
put line 167.
LaTeX Info: Redefining \currenttime on input line 232.
\@dtctr=\count116
\dayofyear=\count117
\dayofweek=\count118
LaTeX Info: Redefining \today on input line 428.
\c@HOUR=\count119
\c@HOURXII=\count120
\c@MINUTE=\count121
\c@TOHOUR=\count122
\c@TOMINUTE=\count123
\dt@a=\toks27
\dt@b=\toks28
) (/usr/share/texmf-texlive/tex/latex/hyperref/hyperref.sty
Package: hyperref 2009/10/09 v6.79a Hypertext links for LaTeX

(/usr/share/texmf-texlive/tex/generic/ifxetex/ifxetex.sty
Package: ifxetex 2009/01/23 v0.5 Provides ifxetex conditional
)
(/usr/share/texmf-texlive/tex/latex/oberdiek/hycolor.sty
Package: hycolor 2009/10/02 v1.5 Code for color options of hyperref/bookmark (H
O)

(/usr/share/texmf-texlive/tex/latex/oberdiek/xcolor-patch.sty
Package: xcolor-patch 2009/10/02 xcolor patch
))
\@linkdim=\dimen116
\Hy@linkcounter=\count124
\Hy@pagecounter=\count125

(/usr/share/texmf-texlive/tex/latex/hyperref/pd1enc.def
File: pd1enc.def 2009/10/09 v6.79a Hyperref: PDFDocEncoding definition (HO)
)
(/usr/share/texmf-texlive/tex/generic/oberdiek/etexcmds.sty
Package: etexcmds 2007/12/12 v1.2 Prefix for e-TeX command names (HO)

(/usr/share/texmf-texlive/tex/generic/oberdiek/infwarerr.sty
Package: infwarerr 2007/09/09 v1.2 Providing info/warning/message (HO)
)
Package etexcmds Info: Could not find \expanded.
(etexcmds)             That can mean that you are not using pdfTeX 1.50 or
(etexcmds)             that some package has redefined \expanded.
(etexcmds)             In the latter case, load this package earlier.
)
(/etc/texmf/tex/latex/config/hyperref.cfg
File: hyperref.cfg 2002/06/06 v1.2 hyperref configuration of TeXLive
)
(/usr/share/texmf-texlive/tex/latex/oberdiek/kvoptions.sty
Package: kvoptions 2009/08/13 v3.4 Keyval support for LaTeX options (HO)

(/usr/share/texmf-texlive/tex/generic/oberdiek/kvsetkeys.sty
Package: kvsetkeys 2009/07/30 v1.5 Key value parser with default handler suppor
t (HO)
))
Package hyperref Info: Option `final' set `true' on input line 2864.
Package hyperref Info: Option `colorlinks' set `true' on input line 2864.
Package hyperref Info: Option `hyperindex' set `true' on input line 2864.
Package hyperref Info: Option `bookmarksopen' set `true' on input line 2864.
Package hyperref Info: Hyper figures OFF on input line 2975.
Package hyperref Info: Link nesting OFF on input line 2980.
Package hyperref Info: Hyper index ON on input line 2983.
Package hyperref Info: Plain pages OFF on input line 2990.
Package hyperref Info: Backreferencing OFF on input line 2995.

Implicit mode ON; LaTeX internals redefined
Package hyperref Info: Bookmarks ON on input line 3191.
(/usr/share/texmf-texlive/tex/latex/ltxmisc/url.sty
\Urlmuskip=\muskip11
Package: url 2006/04/12  ver 3.3  Verb mode for urls, etc.
)
LaTeX Info: Redefining \url on input line 3428.

(/usr/share/texmf-texlive/tex/generic/oberdiek/bitset.sty
Package: bitset 2007/09/28 v1.0 Data type bit set (HO)

(/usr/share/texmf-texlive/tex/generic/oberdiek/intcalc.sty
Package: intcalc 2007/09/27 v1.1 Expandable integer calculations (HO)
)
(/usr/share/texmf-texlive/tex/generic/oberdiek/bigintcalc.sty
Package: bigintcalc 2007/11/11 v1.1 Expandable big integer calculations (HO)

(/usr/share/texmf-texlive/tex/generic/oberdiek/pdftexcmds.sty
Package: pdftexcmds 2009/09/23 v0.6 LuaTeX support for pdfTeX utility functions
 (HO)

(/usr/share/texmf-texlive/tex/generic/oberdiek/ifluatex.sty
Package: ifluatex 2009/04/17 v1.2 Provides the ifluatex switch (HO)
Package ifluatex Info: LuaTeX not detected.
)
(/usr/share/texmf-texlive/tex/generic/oberdiek/ltxcmds.sty
Package: ltxcmds 2009/08/05 v1.0 Some LaTeX kernel commands for general use (HO
)
)
Package pdftexcmds Info: LuaTeX not detected.
Package pdftexcmds Info: \pdf@primitive is available.
Package pdftexcmds Info: \pdf@ifprimitive is available.
)))
\Fld@menulength=\count126
\Field@Width=\dimen117
\Fld@charsize=\dimen118
\Field@toks=\toks29
Package hyperref Info: Hyper figures OFF on input line 4377.
Package hyperref Info: Link nesting OFF on input line 4382.
Package hyperref Info: Hyper index ON on input line 4385.
Package hyperref Info: backreferencing OFF on input line 4392.
Package hyperref Info: Link coloring ON on input line 4395.
Package hyperref Info: Link coloring with OCG OFF on input line 4402.
Package hyperref Info: PDF/A mode OFF on input line 4407.

(/usr/share/texmf-texlive/tex/generic/oberdiek/atbegshi.sty
Package: atbegshi 2008/07/31 v1.9 At begin shipout hook (HO)
)
\Hy@abspage=\count127
\c@Item=\count128
\c@Hfootnote=\count129
)
*hyperref using default driver hpdftex*
(/usr/share/texmf-texlive/tex/latex/hyperref/hpdftex.def
File: hpdftex.def 2009/10/09 v6.79a Hyperref driver for pdfTeX
\Fld@listcount=\count130
)
(/usr/share/texmf-texlive/tex/latex/oberdiek/hypcap.sty
Package: hypcap 2008/09/08 v1.10 Adjusting anchors of captions (HO)
)
\c@M=\count131
\c@MM=\count132
\c@xca=\count133
) (./math.aux
(./tex/bib.aux))
\openout1 = `math.aux'.

LaTeX Font Info:    Checking defaults for OML/cmm/m/it on input line 5.
LaTeX Font Info:    ... okay on input line 5.
LaTeX Font Info:    Checking defaults for T1/cmr/m/n on input line 5.
LaTeX Font Info:    ... okay on input line 5.
LaTeX Font Info:    Checking defaults for OT1/cmr/m/n on input line 5.
LaTeX Font Info:    ... okay on input line 5.
LaTeX Font Info:    Checking defaults for OMS/cmsy/m/n on input line 5.
LaTeX Font Info:    ... okay on input line 5.
LaTeX Font Info:    Checking defaults for OMX/cmex/m/n on input line 5.
LaTeX Font Info:    ... okay on input line 5.
LaTeX Font Info:    Checking defaults for U/cmr/m/n on input line 5.
LaTeX Font Info:    ... okay on input line 5.
LaTeX Font Info:    Checking defaults for PD1/pdf/m/n on input line 5.
LaTeX Font Info:    ... okay on input line 5.

*geometry auto-detecting driver*
*geometry detected driver: pdftex*
-------------------- Geometry parameters
paper: class default
landscape: --
twocolumn: --
twoside: --
asymmetric: --
h-parts: 72.26999pt, 360.0pt, 182.02501pt
v-parts: 72.26999pt, 614.29501pt, 108.40498pt
hmarginratio: --
vmarginratio: 2:3
lines: --
heightrounded: --
bindingoffset: 0.0pt
truedimen: --
includehead: --
includefoot: --
includemp: --
driver: pdftex
-------------------- Page layout dimensions and switches
\paperwidth  614.295pt
\paperheight 794.96999pt
\textwidth  360.0pt
\textheight 614.29501pt
\oddsidemargin  0.0pt
\evensidemargin 0.0pt
\topmargin  -37.0pt
\headheight 12.0pt
\headsep    25.0pt
\footskip   30.0pt
\marginparwidth 65.0pt
\marginparsep   11.0pt
\columnsep  10.0pt
\skip\footins  9.0pt plus 4.0pt minus 2.0pt
\hoffset 0.0pt
\voffset 0.0pt
\mag 1000

(1in=72.27pt, 1cm=28.45pt)
-----------------------
(/usr/share/texmf-texlive/tex/latex/graphics/color.sty
Package: color 2005/11/14 v1.0j Standard LaTeX Color (DPC)

(/etc/texmf/tex/latex/config/color.cfg
File: color.cfg 2007/01/18 v1.5 color configuration of teTeX/TeXLive
)
Package color Info: Driver file: pdftex.def on input line 130.

(/usr/share/texmf-texlive/tex/latex/pdftex-def/pdftex.def
File: pdftex.def 2010/03/12 v0.04p Graphics/color for pdfTeX
\Gread@gobject=\count134

(/usr/share/texmf-texlive/tex/context/base/supp-pdf.mkii
[Loading MPS to PDF converter (version 2006.09.02).]
\scratchcounter=\count135
\scratchdimen=\dimen119
\scratchbox=\box29
\nofMPsegments=\count136
\nofMParguments=\count137
\everyMPshowfont=\toks30
\MPscratchCnt=\count138
\MPscratchDim=\dimen120
\MPnumerator=\count139
\everyMPtoPDFconversion=\toks31
)))
Package hyperref Info: Link coloring ON on input line 5.
 (/usr/share/texmf-texlive/tex/latex/hyperref/nameref.sty
Package: nameref 2007/05/29 v2.31 Cross-referencing by name of section

(/usr/share/texmf-texlive/tex/latex/oberdiek/refcount.sty
Package: refcount 2008/08/11 v3.1 Data extraction from references (HO)
)
\c@section@level=\count140
)
LaTeX Info: Redefining \ref on input line 5.
LaTeX Info: Redefining \pageref on input line 5.
 (./math.out)
(./math.out)
\@outlinefile=\write4
\openout4 = `math.out'.

\AtBeginShipoutBox=\box30
LaTeX Font Info:    Try loading font information for U+msa on input line 7.
 (/usr/share/texmf-texlive/tex/latex/amsfonts/umsa.fd
File: umsa.fd 2009/06/22 v3.00 AMS symbols A
)
LaTeX Font Info:    Try loading font information for U+msb on input line 7.

(/usr/share/texmf-texlive/tex/latex/amsfonts/umsb.fd
File: umsb.fd 2009/06/22 v3.00 AMS symbols B
)
LaTeX Font Info:    Try loading font information for U+rsfs on input line 7.

(/usr/share/texmf-texlive/tex/latex/jknapltx/ursfs.fd
File: ursfs.fd 1998/03/24 rsfs font definition file (jk)
) (./math.toc)
\tf@toc=\write5
\openout5 = `math.toc'.


(./tex/intro.tex [1

{/var/lib/texmf/fonts/map/pdftex/updmap/pdftex.map}]
[2]) (./tex/probability.tex [3] [4]
Overfull \hbox (3.7204pt too wide) in paragraph at lines 113--117
[]\OT1/cmr/bx/n/10 2.5. Def-i-ni-tion. \OT1/cmr/m/n/10 A ``\OT1/cmr/bx/n/10 Pro
bability Space\OT1/cmr/m/n/10 '' con-sists of a sam-ple space $
$ equipped
 []

[5] [6]) (./tex/conditional.tex [7] [8] [9]) (./tex/independence.tex [10])
(./tex/product.tex [11]
LaTeX Font Info:    Try loading font information for OMS+cmr on input line 52.
 (/usr/share/texmf-texlive/tex/latex/base/omscmr.fd
File: omscmr.fd 1999/05/25 v2.5h Standard LaTeX font definitions
)
LaTeX Font Info:    Font shape `OMS/cmr/m/n' in size <10> not available
(Font)              Font shape `OMS/cmsy/m/n' tried instead on input line 52.
)
(./tex/completeness.tex) (./tex/workedExamples.tex [12] [13] [14] [15] [16]
[17]) (./tex/eltCombinatorics.tex [18] [19] [20] [21] [22] [23] [24])
(./tex/partialSum.tex [25] [26] [27]) (./tex/randomVar.tex [28] [29] [30]
[31] [32]

LaTeX Font Warning: Command \normalsize invalid in math mode on input line 327.


[33] [34] [35]) (./tex/formalDistribution.tex [36] [37] [38] [39] [40]
Overfull \hbox (2.24219pt too wide) in paragraph at lines 344--347
[]$\OML/cmm/m/it/10 a\OT1/cmr/m/n/10 (\OML/cmm/m/it/10 z\OT1/cmr/m/n/10 )\OML/c
mm/m/it/10 b\OT1/cmr/m/n/10 (\OML/cmm/m/it/10 !\OT1/cmr/m/n/10 ) = [] \OML/cmm/
m/it/10 c\OT1/cmr/m/n/10 (\OML/cmm/m/it/10 z; !\OT1/cmr/m/n/10 )$ and $(\OMS/cm
sy/m/n/10 ^^@\OT1/cmr/m/n/10 1)[]\OML/cmm/m/it/10 b\OT1/cmr/m/n/10 (\OML/cmm/m/
it/10 !\OT1/cmr/m/n/10 )\OML/cmm/m/it/10 a\OT1/cmr/m/n/10 (\OML/cmm/m/it/10 z\O
T1/cmr/m/n/10 ) = [\OML/cmm/m/it/10 i[]\OT1/cmr/m/n/10 (\OML/cmm/m/it/10 z \OMS
/cmsy/m/n/10 ^^@ \OML/cmm/m/it/10 !\OT1/cmr/m/n/10 )[]]\OML/cmm/m/it/10 c\OT1/c
mr/m/n/10 (\OML/cmm/m/it/10 z; !\OT1/cmr/m/n/10 )$
 []

[41] [42]
Overfull \hbox (0.64586pt too wide) in paragraph at lines 498--500
[][]\OT1/cmr/bx/n/10 6.16.1 Corol-lary. []\OT1/cmr/m/it/10 (a) If $\OML/cmm/m/i
t/10 a\OT1/cmr/m/n/10 (\OML/cmm/m/it/10 z\OT1/cmr/m/n/10 )$ \OT1/cmr/m/it/10 an
d $\OML/cmm/m/it/10 b\OT1/cmr/m/n/10 (\OML/cmm/m/it/10 z\OT1/cmr/m/n/10 )$ \OT1
/cmr/m/it/10 are for-mal dis-tri-bu-tions, then $\OT1/cmr/m/n/10 [\OML/cmm/m/it
/10 a[]; b\OT1/cmr/m/n/10 (\OML/cmm/m/it/10 z\OT1/cmr/m/n/10 )\OMS/cmsy/m/n/10 
g \OT1/cmr/m/n/10 =
 []


Overfull \hbox (23.61736pt too wide) in paragraph at lines 501--503
[]\OT1/cmr/m/it/10 (b) If $\OML/cmm/m/it/10 a\OT1/cmr/m/n/10 (\OML/cmm/m/it/10 
z\OT1/cmr/m/n/10 )$ \OT1/cmr/m/it/10 is an odd for-mal dis-tri-bu-tion, then $\
OML/cmm/m/it/10 a[] \OT1/cmr/m/n/10 = 0$ \OT1/cmr/m/it/10 if and only if $[][] 
\OML/cmm/m/it/10 a\OT1/cmr/m/n/10 (\OML/cmm/m/it/10 z\OT1/cmr/m/n/10 )[]\OML/cm
m/m/it/10 a\OT1/cmr/m/n/10 (\OML/cmm/m/it/10 z\OT1/cmr/m/n/10 ) =
 []

[43]

Package amsthm Warning: The \qedhere command may not work correctly here on inp
ut line 581.

LaTeX Font Info:    Try loading font information for U+euf on input line 588.
(/usr/share/texmf-texlive/tex/latex/amsfonts/ueuf.fd
File: ueuf.fd 2009/06/22 v3.00 Euler Fraktur
) [44]
Overfull \hbox (6.51164pt too wide) in paragraph at lines 641--644
[]\OT1/cmr/bx/n/10 6.23. \OT1/cmr/m/n/10 We in-tro-duce for-mal dis-tri-bu-tion
s with val-ues in $\OML/cmm/m/it/10 U\OT1/cmr/m/n/10 ([])$ which are ``\OT1/cmr
/bx/n/10 Currents\OT1/cmr/m/n/10 '' 
 []


Overfull \hbox (22.17336pt too wide) in paragraph at lines 661--665
[]\OT1/cmr/bx/n/10 6.24. \OT1/cmr/m/n/10 We gen-er-al-ize this pro-cess (or ``s
uper-size'' it), ob-tain-ing a ``\OT1/cmr/bx/n/10 Superaffinization\OT1/cmr/m/n
/10 '',
 []

[45] [46]
Overfull \hbox (15.77904pt too wide) in paragraph at lines 763--767
[]\OT1/cmr/bx/n/10 6.28. \OT1/cmr/m/n/10 Let $\OML/cmm/m/it/10 H$ \OT1/cmr/m/n/
10 be a di-ag-o-nal-iz-able deriva-tion of the al-ge-bra $\OML/cmm/m/it/10 U$\O
T1/cmr/m/n/10 , called a ``\OT1/cmr/bx/n/10 Hamiltonian\OT1/cmr/m/n/10 ''.
 []


Overfull \hbox (47.15446pt too wide) in paragraph at lines 768--772
[]\OT1/cmr/bx/n/10 6.29. Def-i-ni-tion. \OT1/cmr/m/n/10 A for-mal dis-tri-bu-ti
on $\OML/cmm/m/it/10 a \OT1/cmr/m/n/10 = \OML/cmm/m/it/10 a\OT1/cmr/m/n/10 (\OM
L/cmm/m/it/10 z; !; [] \OT1/cmr/m/n/10 )$ is called an ``\OT1/cmr/bx/n/10 Eigen
distribution\OT1/cmr/m/n/10 ''
 []

[47]
Overfull \hbox (5.30759pt too wide) in paragraph at lines 829--835
[]\OT1/cmr/bx/n/10 6.33. Ex-am-ple. \OT1/cmr/m/n/10 Con-sider the al-ge-bra of 
cur-rents $[]$ (resp., su-per-cur-rents $[]$),
 []

[48] [49]) [50] (./tex/sets.tex
Overfull \hbox (0.87466pt too wide) in paragraph at lines 34--37
[]\OT1/cmr/bx/n/10 A.5. Ex-am-ple. \OT1/cmr/m/n/10 The empty col-lec-tion is a 
set, de-noted $\OMS/cmsy/m/n/10 ;$ \OT1/cmr/m/n/10 and called the ``\OT1/cmr/bx
/n/10 Empty
 []

[51]
Overfull \hbox (3.72604pt too wide) in paragraph at lines 88--91
[]\OT1/cmr/m/n/10 More gen-er-ally, if we have $\OML/cmm/m/it/10 n$ \OT1/cmr/m/
n/10 ob-jects, we can form the or-dered $\OML/cmm/m/it/10 n$\OT1/cmr/m/n/10 -tu
ple $(\OML/cmm/m/it/10 x[]; [] ; x[]\OT1/cmr/m/n/10 )$.
 []

) [52]
\openout2 = `tex/bib.aux'.

 (./tex/bib.tex) [53

] (./math.aux (./tex/bib.aux)) ) 
Here is how much of TeX's memory you used:
 7285 strings out of 495046
 99907 string characters out of 1181936
 185085 words of memory out of 7900000
 9546 multiletter control sequences out of 15000+50000
 18632 words of font info for 76 fonts, out of 3000000 for 9000
 28 hyphenation exceptions out of 8191
 40i,19n,39p,874b,496s stack positions out of 5000i,500n,10000p,200000b,50000s
</usr/share/texmf-texlive/fonts/type1/public/am
sfonts/cm/cmbx10.pfb></usr/share/texmf-texlive/fonts/type1/public/amsfonts/cm/c
mbxti10.pfb></usr/share/texmf-texlive/fonts/type1/public/amsfonts/cm/cmcsc10.pf
b></usr/share/texmf-texlive/fonts/type1/public/amsfonts/cm/cmex10.pfb></usr/sha
re/texmf-texlive/fonts/type1/public/amsfonts/cm/cmmi10.pfb></usr/share/texmf-te
xlive/fonts/type1/public/amsfonts/cm/cmmi5.pfb></usr/share/texmf-texlive/fonts/
type1/public/amsfonts/cm/cmmi7.pfb></usr/share/texmf-texlive/fonts/type1/public
/amsfonts/cm/cmr10.pfb></usr/share/texmf-texlive/fonts/type1/public/amsfonts/cm
/cmr12.pfb></usr/share/texmf-texlive/fonts/type1/public/amsfonts/cm/cmr17.pfb><
/usr/share/texmf-texlive/fonts/type1/public/amsfonts/cm/cmr5.pfb></usr/share/te
xmf-texlive/fonts/type1/public/amsfonts/cm/cmr6.pfb></usr/share/texmf-texlive/f
onts/type1/public/amsfonts/cm/cmr7.pfb></usr/share/texmf-texlive/fonts/type1/pu
blic/amsfonts/cm/cmr8.pfb></usr/share/texmf-texlive/fonts/type1/public/amsfonts
/cm/cmr9.pfb></usr/share/texmf-texlive/fonts/type1/public/amsfonts/cm/cmssbx10.
pfb></usr/share/texmf-texlive/fonts/type1/public/amsfonts/cm/cmsy10.pfb></usr/s
hare/texmf-texlive/fonts/type1/public/amsfonts/cm/cmsy5.pfb></usr/share/texmf-t
exlive/fonts/type1/public/amsfonts/cm/cmsy6.pfb></usr/share/texmf-texlive/fonts
/type1/public/amsfonts/cm/cmsy7.pfb></usr/share/texmf-texlive/fonts/type1/publi
c/amsfonts/cm/cmsy8.pfb></usr/share/texmf-texlive/fonts/type1/public/amsfonts/c
m/cmti10.pfb></usr/share/texmf-texlive/fonts/type1/public/amsfonts/cm/cmti8.pfb
></usr/share/texmf-texlive/fonts/type1/public/amsfonts/cm/cmti9.pfb></usr/share
/texmf-texlive/fonts/type1/public/amsfonts/cm/cmtt10.pfb></usr/share/texmf-texl
ive/fonts/type1/public/amsfonts/cm/cmtt12.pfb></usr/share/texmf-texlive/fonts/t
ype1/public/amsfonts/cm/cmtt8.pfb></usr/share/texmf-texlive/fonts/type1/public/
amsfonts/cm/cmtt9.pfb></usr/share/texmf-texlive/fonts/type1/public/amsfonts/eul
er/eufm10.pfb></usr/share/texmf-texlive/fonts/type1/hoekwater/manfnt/manfnt.pfb
></usr/share/texmf-texlive/fonts/type1/public/amsfonts/symbols/msam5.pfb></usr/
share/texmf-texlive/fonts/type1/public/amsfonts/symbols/msam7.pfb></usr/share/t
exmf-texlive/fonts/type1/public/amsfonts/symbols/msbm10.pfb></usr/share/texmf-t
exlive/fonts/type1/public/amsfonts/symbols/msbm7.pfb></usr/share/texmf-texlive/
fonts/type1/public/rsfs/rsfs10.pfb>
Output written on math.pdf (53 pages, 674355 bytes).
PDF statistics:
 1361 PDF objects out of 1440 (max. 8388607)
 739 named destinations out of 1000 (max. 500000)
 201 words of extra memory for PDF output out of 10000 (max. 10000000)

