\BOOKMARK [1][]{section.1}{Introduction}{}
\BOOKMARK [1][]{section.2}{Probability}{}
\BOOKMARK [2][]{subsection.2.1}{Examples}{section.2}
\BOOKMARK [2][]{subsection.2.2}{Conditional Probability}{section.2}
\BOOKMARK [2][]{subsection.2.3}{Independent Events}{section.2}
\BOOKMARK [2][]{subsection.2.4}{Product Space}{section.2}
\BOOKMARK [3][]{subsubsection.2.4.1}{Completeness}{subsection.2.4}
\BOOKMARK [2][]{subsection.2.5}{Worked Examples}{section.2}
\BOOKMARK [1][]{section.3}{Elements of Combinatorial Analysis}{}
\BOOKMARK [2][]{subsection.3.1}{Permutations}{section.3}
\BOOKMARK [2][]{subsection.3.2}{Sampling}{section.3}
\BOOKMARK [2][]{subsection.3.3}{Binomial Coefficients}{section.3}
\BOOKMARK [2][]{subsection.3.4}{Multinomial Coefficient}{section.3}
\BOOKMARK [2][]{subsection.3.5}{Hat Check Problem}{section.3}
\BOOKMARK [1][]{section.4}{Partial Summation}{}
\BOOKMARK [1][]{section.5}{Random Variables}{}
\BOOKMARK [2][]{subsection.5.1}{Bernoull Random Variable}{section.5}
\BOOKMARK [2][]{subsection.5.2}{Distribution Functions}{section.5}
\BOOKMARK [1][]{section.6}{Calculus of Formal Distributions}{}
\BOOKMARK [2][]{subsection.6.1}{Locality}{section.6}
\BOOKMARK [2][]{subsection.6.2}{Taylor's Formula}{section.6}
\BOOKMARK [2][]{subsection.6.3}{Current Algebras}{section.6}
\BOOKMARK [2][]{subsection.6.4}{Conformal Weights and Virasoro Algebra}{section.6}
\BOOKMARK [1][]{appendix.A}{Set Theory}{}
\BOOKMARK [1][]{appendix.B}{References}{}
